# JRE version: OpenJDK Runtime Environment Temurin-21.0.10+7 (21.0.10+7) (build 21.0.10+7-LTS)
# Java VM: OpenJDK 64-Bit Server VM Temurin-21.0.10+7 (21.0.10+7-LTS, mixed mode, sharing, tiered, compressed oops, compressed class ptrs, parallel gc, windows-amd64)
GC Precious Log:
 CardTable entry size: 512
 CPUs: 8 total, 8 available
 Memory: 7865M
 Large Page Support: Disabled
 NUMA Support: Disabled
 Compressed Oops: Enabled (32-bit)
 Alignments: Space 512K, Generation 512K, Heap 2M
 Heap Min Capacity: 100M
 Heap Initial Capacity: 100M
 Heap Max Capacity: 2G
 Pre-touch: Disabled
 Parallel Workers: 8
Heap:
 PSYoungGen      total 8704K, used 6120K [0x00000000d5580000, 0x00000000d6000000, 0x0000000100000000)
  eden space 8192K, 70% used [0x00000000d5580000,0x00000000d5b22368,0x00000000d5d80000)
  from space 512K, 68% used [0x00000000d5f80000,0x00000000d5fd8020,0x00000000d6000000)
  to   space 512K, 0% used [0x00000000d5f00000,0x00000000d5f00000,0x00000000d5f80000)
 ParOldGen       total 1114112K, used 812042K [0x0000000080000000, 0x00000000c4000000, 0x00000000d5580000)
  object space 1114112K, 72% used [0x0000000080000000,0x00000000b19028d8,0x00000000c4000000)
 Metaspace       used 95357K, committed 97024K, reserved 1179648K
  class space    used 9586K, committed 10432K, reserved 1048576K
GC Heap History (20 events):
Event: 16763.424 GC heap before
{Heap before GC invocations=1382 (full 5):
 PSYoungGen      total 8192K, used 7645K [0x00000000d5580000, 0x00000000d6080000, 0x0000000100000000)
  eden space 7168K, 97% used [0x00000000d5580000,0x00000000d5c5a500,0x00000000d5c80000)
  from space 1024K, 61% used [0x00000000d5f80000,0x00000000d601d200,0x00000000d6080000)
  to   space 1536K, 0% used [0x00000000d5d80000,0x00000000d5d80000,0x00000000d5f00000)
 ParOldGen       total 1114112K, used 633680K [0x0000000080000000, 0x00000000c4000000, 0x00000000d5580000)
  object space 1114112K, 56% used [0x0000000080000000,0x00000000a6ad4070,0x00000000c4000000)
 Metaspace       used 95197K, committed 96896K, reserved 1179648K
  class space    used 9586K, committed 10432K, reserved 1048576K
}
Event: 16763.428 GC heap after
{Heap after GC invocations=1382 (full 5):
 PSYoungGen      total 9728K, used 1068K [0x00000000d5580000, 0x00000000d6100000, 0x0000000100000000)
  eden space 8192K, 0% used [0x00000000d5580000,0x00000000d5580000,0x00000000d5d80000)
  from space 1536K, 69% used [0x00000000d5d80000,0x00000000d5e8b158,0x00000000d5f00000)
  to   space 1536K, 0% used [0x00000000d5f80000,0x00000000d5f80000,0x00000000d6100000)
 ParOldGen       total 1114112K, used 634140K [0x0000000080000000, 0x00000000c4000000, 0x00000000d5580000)
  object space 1114112K, 56% used [0x0000000080000000,0x00000000a6b47270,0x00000000c4000000)
 Metaspace       used 95197K, committed 96896K, reserved 1179648K
  class space    used 9586K, committed 10432K, reserved 1048576K
}
Event: 16763.472 GC heap before
{Heap before GC invocations=1383 (full 5):
 PSYoungGen      total 9728K, used 9260K [0x00000000d5580000, 0x00000000d6100000, 0x0000000100000000)
  eden space 8192K, 100% used [0x00000000d5580000,0x00000000d5d80000,0x00000000d5d80000)
  from space 1536K, 69% used [0x00000000d5d80000,0x00000000d5e8b158,0x00000000d5f00000)
  to   space 1536K, 0% used [0x00000000d5f80000,0x00000000d5f80000,0x00000000d6100000)
 ParOldGen       total 1114112K, used 634140K [0x0000000080000000, 0x00000000c4000000, 0x00000000d5580000)
  object space 1114112K, 56% used [0x0000000080000000,0x00000000a6b47270,0x00000000c4000000)
 Metaspace       used 95197K, committed 96896K, reserved 1179648K
  class space    used 9586K, committed 10432K, reserved 1048576K
}
Event: 16763.477 GC heap after
{Heap after GC invocations=1383 (full 5):
 PSYoungGen      total 9216K, used 570K [0x00000000d5580000, 0x00000000d6080000, 0x0000000100000000)
  eden space 8192K, 0% used [0x00000000d5580000,0x00000000d5580000,0x00000000d5d80000)
  from space 1024K, 55% used [0x00000000d5f80000,0x00000000d600e900,0x00000000d6080000)
  to   space 1024K, 0% used [0x00000000d5e80000,0x00000000d5e80000,0x00000000d5f80000)
 ParOldGen       total 1114112K, used 634748K [0x0000000080000000, 0x00000000c4000000, 0x00000000d5580000)
  object space 1114112K, 56% used [0x0000000080000000,0x00000000a6bdf2a0,0x00000000c4000000)
 Metaspace       used 95197K, committed 96896K, reserved 1179648K
  class space    used 9586K, committed 10432K, reserved 1048576K
}
Event: 16763.509 GC heap before
{Heap before GC invocations=1384 (full 5):
 PSYoungGen      total 9216K, used 8762K [0x00000000d5580000, 0x00000000d6080000, 0x0000000100000000)
  eden space 8192K, 100% used [0x00000000d5580000,0x00000000d5d80000,0x00000000d5d80000)
  from space 1024K, 55% used [0x00000000d5f80000,0x00000000d600e900,0x00000000d6080000)
  to   space 1024K, 0% used [0x00000000d5e80000,0x00000000d5e80000,0x00000000d5f80000)
 ParOldGen       total 1114112K, used 634748K [0x0000000080000000, 0x00000000c4000000, 0x00000000d5580000)
  object space 1114112K, 56% used [0x0000000080000000,0x00000000a6bdf2a0,0x00000000c4000000)
 Metaspace       used 95197K, committed 96896K, reserved 1179648K
  class space    used 9586K, committed 10432K, reserved 1048576K
}
Event: 16763.512 GC heap after
{Heap after GC invocations=1384 (full 5):
 PSYoungGen      total 9216K, used 154K [0x00000000d5580000, 0x00000000d6000000, 0x0000000100000000)
  eden space 8192K, 0% used [0x00000000d5580000,0x00000000d5580000,0x00000000d5d80000)
  from space 1024K, 15% used [0x00000000d5e80000,0x00000000d5ea6900,0x00000000d5f80000)
  to   space 512K, 0% used [0x00000000d5f80000,0x00000000d5f80000,0x00000000d6000000)
 ParOldGen       total 1114112K, used 634977K [0x0000000080000000, 0x00000000c4000000, 0x00000000d5580000)
  object space 1114112K, 56% used [0x0000000080000000,0x00000000a6c187c8,0x00000000c4000000)
 Metaspace       used 95197K, committed 96896K, reserved 1179648K
  class space    used 9586K, committed 10432K, reserved 1048576K
}
Event: 16777.165 GC heap before
{Heap before GC invocations=1385 (full 5):
 PSYoungGen      total 9216K, used 8346K [0x00000000d5580000, 0x00000000d6000000, 0x0000000100000000)
  eden space 8192K, 100% used [0x00000000d5580000,0x00000000d5d80000,0x00000000d5d80000)
  from space 1024K, 15% used [0x00000000d5e80000,0x00000000d5ea6900,0x00000000d5f80000)
  to   space 512K, 0% used [0x00000000d5f80000,0x00000000d5f80000,0x00000000d6000000)
 ParOldGen       total 1114112K, used 634977K [0x0000000080000000, 0x00000000c4000000, 0x00000000d5580000)
  object space 1114112K, 56% used [0x0000000080000000,0x00000000a6c187c8,0x00000000c4000000)
 Metaspace       used 95200K, committed 96896K, reserved 1179648K
  class space    used 9586K, committed 10432K, reserved 1048576K
}
Event: 16777.168 GC heap after
{Heap after GC invocations=1385 (full 5):
 PSYoungGen      total 8704K, used 192K [0x00000000d5580000, 0x00000000d6000000, 0x0000000100000000)
  eden space 8192K, 0% used [0x00000000d5580000,0x00000000d5580000,0x00000000d5d80000)
  from space 512K, 37% used [0x00000000d5f80000,0x00000000d5fb0000,0x00000000d6000000)
  to   space 512K, 0% used [0x00000000d5f00000,0x00000000d5f00000,0x00000000d5f80000)
 ParOldGen       total 1114112K, used 634977K [0x0000000080000000, 0x00000000c4000000, 0x00000000d5580000)
  object space 1114112K, 56% used [0x0000000080000000,0x00000000a6c187c8,0x00000000c4000000)
 Metaspace       used 95200K, committed 96896K, reserved 1179648K
  class space    used 9586K, committed 10432K, reserved 1048576K
}
Event: 16781.483 GC heap before
{Heap before GC invocations=1386 (full 5):
 PSYoungGen      total 8704K, used 8384K [0x00000000d5580000, 0x00000000d6000000, 0x0000000100000000)
  eden space 8192K, 100% used [0x00000000d5580000,0x00000000d5d80000,0x00000000d5d80000)
  from space 512K, 37% used [0x00000000d5f80000,0x00000000d5fb0000,0x00000000d6000000)
  to   space 512K, 0% used [0x00000000d5f00000,0x00000000d5f00000,0x00000000d5f80000)
 ParOldGen       total 1114112K, used 696418K [0x0000000080000000, 0x00000000c4000000, 0x00000000d5580000)
  object space 1114112K, 62% used [0x0000000080000000,0x00000000aa818828,0x00000000c4000000)
 Metaspace       used 95231K, committed 96896K, reserved 1179648K
  class space    used 9586K, committed 10432K, reserved 1048576K
}
Event: 16781.486 GC heap after
{Heap after GC invocations=1386 (full 5):
 PSYoungGen      total 8704K, used 320K [0x00000000d5580000, 0x00000000d6000000, 0x0000000100000000)
  eden space 8192K, 0% used [0x00000000d5580000,0x00000000d5580000,0x00000000d5d80000)
  from space 512K, 62% used [0x00000000d5f00000,0x00000000d5f50000,0x00000000d5f80000)
  to   space 512K, 0% used [0x00000000d5f80000,0x00000000d5f80000,0x00000000d6000000)
 ParOldGen       total 1114112K, used 696490K [0x0000000080000000, 0x00000000c4000000, 0x00000000d5580000)
  object space 1114112K, 62% used [0x0000000080000000,0x00000000aa82a828,0x00000000c4000000)
 Metaspace       used 95231K, committed 96896K, reserved 1179648K
  class space    used 9586K, committed 10432K, reserved 1048576K
}
Event: 16896.465 GC heap before
{Heap before GC invocations=1387 (full 5):
 PSYoungGen      total 8704K, used 8512K [0x00000000d5580000, 0x00000000d6000000, 0x0000000100000000)
  eden space 8192K, 100% used [0x00000000d5580000,0x00000000d5d80000,0x00000000d5d80000)
  from space 512K, 62% used [0x00000000d5f00000,0x00000000d5f50000,0x00000000d5f80000)
  to   space 512K, 0% used [0x00000000d5f80000,0x00000000d5f80000,0x00000000d6000000)
 ParOldGen       total 1114112K, used 757930K [0x0000000080000000, 0x00000000c4000000, 0x00000000d5580000)
  object space 1114112K, 68% used [0x0000000080000000,0x00000000ae42a888,0x00000000c4000000)
 Metaspace       used 95257K, committed 96896K, reserved 1179648K
  class space    used 9586K, committed 10432K, reserved 1048576K
}
Event: 16896.538 GC heap after
{Heap after GC invocations=1387 (full 5):
 PSYoungGen      total 8704K, used 288K [0x00000000d5580000, 0x00000000d6000000, 0x0000000100000000)
  eden space 8192K, 0% used [0x00000000d5580000,0x00000000d5580000,0x00000000d5d80000)
  from space 512K, 56% used [0x00000000d5f80000,0x00000000d5fc8000,0x00000000d6000000)
  to   space 512K, 0% used [0x00000000d5f00000,0x00000000d5f00000,0x00000000d5f80000)
 ParOldGen       total 1114112K, used 758010K [0x0000000080000000, 0x00000000c4000000, 0x00000000d5580000)
  object space 1114112K, 68% used [0x0000000080000000,0x00000000ae43e888,0x00000000c4000000)
 Metaspace       used 95257K, committed 96896K, reserved 1179648K
  class space    used 9586K, committed 10432K, reserved 1048576K
}
Event: 17181.863 GC heap before
{Heap before GC invocations=1388 (full 5):
 PSYoungGen      total 8704K, used 8480K [0x00000000d5580000, 0x00000000d6000000, 0x0000000100000000)
  eden space 8192K, 100% used [0x00000000d5580000,0x00000000d5d80000,0x00000000d5d80000)
  from space 512K, 56% used [0x00000000d5f80000,0x00000000d5fc8000,0x00000000d6000000)
  to   space 512K, 0% used [0x00000000d5f00000,0x00000000d5f00000,0x00000000d5f80000)
 ParOldGen       total 1114112K, used 788730K [0x0000000080000000, 0x00000000c4000000, 0x00000000d5580000)
  object space 1114112K, 70% used [0x0000000080000000,0x00000000b023e8b8,0x00000000c4000000)
 Metaspace       used 95280K, committed 96896K, reserved 1179648K
  class space    used 9586K, committed 10432K, reserved 1048576K
}
Event: 17181.947 GC heap after
{Heap after GC invocations=1388 (full 5):
 PSYoungGen      total 8704K, used 320K [0x00000000d5580000, 0x00000000d6000000, 0x0000000100000000)
  eden space 8192K, 0% used [0x00000000d5580000,0x00000000d5580000,0x00000000d5d80000)
  from space 512K, 62% used [0x00000000d5f00000,0x00000000d5f50000,0x00000000d5f80000)
  to   space 512K, 0% used [0x00000000d5f80000,0x00000000d5f80000,0x00000000d6000000)
 ParOldGen       total 1114112K, used 788778K [0x0000000080000000, 0x00000000c4000000, 0x00000000d5580000)
  object space 1114112K, 70% used [0x0000000080000000,0x00000000b024a8b8,0x00000000c4000000)
 Metaspace       used 95280K, committed 96896K, reserved 1179648K
  class space    used 9586K, committed 10432K, reserved 1048576K
}
Event: 17182.128 GC heap before
{Heap before GC invocations=1389 (full 5):
 PSYoungGen      total 8704K, used 8512K [0x00000000d5580000, 0x00000000d6000000, 0x0000000100000000)
  eden space 8192K, 100% used [0x00000000d5580000,0x00000000d5d80000,0x00000000d5d80000)
  from space 512K, 62% used [0x00000000d5f00000,0x00000000d5f50000,0x00000000d5f80000)
  to   space 512K, 0% used [0x00000000d5f80000,0x00000000d5f80000,0x00000000d6000000)
 ParOldGen       total 1114112K, used 811818K [0x0000000080000000, 0x00000000c4000000, 0x00000000d5580000)
  object space 1114112K, 72% used [0x0000000080000000,0x00000000b18ca8d8,0x00000000c4000000)
 Metaspace       used 95280K, committed 96896K, reserved 1179648K
  class space    used 9586K, committed 10432K, reserved 1048576K
}
Event: 17182.137 GC heap after
{Heap after GC invocations=1389 (full 5):
 PSYoungGen      total 8704K, used 192K [0x00000000d5580000, 0x00000000d6000000, 0x0000000100000000)
  eden space 8192K, 0% used [0x00000000d5580000,0x00000000d5580000,0x00000000d5d80000)
  from space 512K, 37% used [0x00000000d5f80000,0x00000000d5fb0000,0x00000000d6000000)
  to   space 512K, 0% used [0x00000000d5f00000,0x00000000d5f00000,0x00000000d5f80000)
 ParOldGen       total 1114112K, used 811970K [0x0000000080000000, 0x00000000c4000000, 0x00000000d5580000)
  object space 1114112K, 72% used [0x0000000080000000,0x00000000b18f08d8,0x00000000c4000000)
 Metaspace       used 95280K, committed 96896K, reserved 1179648K
  class space    used 9586K, committed 10432K, reserved 1048576K
}
Event: 19006.370 GC heap before
{Heap before GC invocations=1390 (full 5):
 PSYoungGen      total 8704K, used 8384K [0x00000000d5580000, 0x00000000d6000000, 0x0000000100000000)
  eden space 8192K, 100% used [0x00000000d5580000,0x00000000d5d80000,0x00000000d5d80000)
  from space 512K, 37% used [0x00000000d5f80000,0x00000000d5fb0000,0x00000000d6000000)
  to   space 512K, 0% used [0x00000000d5f00000,0x00000000d5f00000,0x00000000d5f80000)
 ParOldGen       total 1114112K, used 811970K [0x0000000080000000, 0x00000000c4000000, 0x00000000d5580000)
  object space 1114112K, 72% used [0x0000000080000000,0x00000000b18f08d8,0x00000000c4000000)
 Metaspace       used 95296K, committed 96960K, reserved 1179648K
  class space    used 9586K, committed 10432K, reserved 1048576K
}
Event: 19006.478 GC heap after
{Heap after GC invocations=1390 (full 5):
 PSYoungGen      total 8704K, used 288K [0x00000000d5580000, 0x00000000d6000000, 0x0000000100000000)
  eden space 8192K, 0% used [0x00000000d5580000,0x00000000d5580000,0x00000000d5d80000)
  from space 512K, 56% used [0x00000000d5f00000,0x00000000d5f48000,0x00000000d5f80000)
  to   space 512K, 0% used [0x00000000d5f80000,0x00000000d5f80000,0x00000000d6000000)
 ParOldGen       total 1114112K, used 811986K [0x0000000080000000, 0x00000000c4000000, 0x00000000d5580000)
  object space 1114112K, 72% used [0x0000000080000000,0x00000000b18f48d8,0x00000000c4000000)
 Metaspace       used 95296K, committed 96960K, reserved 1179648K
  class space    used 9586K, committed 10432K, reserved 1048576K
}
Event: 69535.457 GC heap before
{Heap before GC invocations=1391 (full 5):
 PSYoungGen      total 8704K, used 8479K [0x00000000d5580000, 0x00000000d6000000, 0x0000000100000000)
  eden space 8192K, 99% used [0x00000000d5580000,0x00000000d5d7fff8,0x00000000d5d80000)
  from space 512K, 56% used [0x00000000d5f00000,0x00000000d5f48000,0x00000000d5f80000)
  to   space 512K, 0% used [0x00000000d5f80000,0x00000000d5f80000,0x00000000d6000000)
 ParOldGen       total 1114112K, used 811986K [0x0000000080000000, 0x00000000c4000000, 0x00000000d5580000)
  object space 1114112K, 72% used [0x0000000080000000,0x00000000b18f48d8,0x00000000c4000000)
 Metaspace       used 95327K, committed 96960K, reserved 1179648K
  class space    used 9586K, committed 10432K, reserved 1048576K
}
Event: 69535.727 GC heap after
{Heap after GC invocations=1391 (full 5):
 PSYoungGen      total 8704K, used 352K [0x00000000d5580000, 0x00000000d6000000, 0x0000000100000000)
  eden space 8192K, 0% used [0x00000000d5580000,0x00000000d5580000,0x00000000d5d80000)
  from space 512K, 68% used [0x00000000d5f80000,0x00000000d5fd8020,0x00000000d6000000)
  to   space 512K, 0% used [0x00000000d5f00000,0x00000000d5f00000,0x00000000d5f80000)
 ParOldGen       total 1114112K, used 812042K [0x0000000080000000, 0x00000000c4000000, 0x00000000d5580000)
  object space 1114112K, 72% used [0x0000000080000000,0x00000000b19028d8,0x00000000c4000000)
 Metaspace       used 95327K, committed 96960K, reserved 1179648K
  class space    used 9586K, committed 10432K, reserved 1048576K
}

